<?xml version="1.0" encoding="utf-8"?><testsuites name="pytest tests"><testsuite name="pytest" errors="0" failures="7" skipped="0" tests="88" time="9.520" timestamp="2025-09-02T12:30:59.370296+02:00" hostname="Nouri-PC"><testcase classname="tests.python.test_base_agent" name="test_base_agent_contract_runs_end_to_end" time="0.006" /><testcase classname="tests.python.test_base_agent_comprehensive.TestAgentStates" name="test_initial_state" time="0.003" /><testcase classname="tests.python.test_base_agent_comprehensive.TestAgentStates" name="test_state_transitions_during_processing" time="0.004" /><testcase classname="tests.python.test_base_agent_comprehensive.TestThinkActObserve" name="test_think_returns_valid_thought" time="0.004" /><testcase classname="tests.python.test_base_agent_comprehensive.TestThinkActObserve" name="test_act_returns_valid_action" time="0.003" /><testcase classname="tests.python.test_base_agent_comprehensive.TestThinkActObserve" name="test_observe_updates_metrics" time="0.003" /><testcase classname="tests.python.test_base_agent_comprehensive.TestThinkActObserve" name="test_full_processing_pipeline" time="0.004" /><testcase classname="tests.python.test_base_agent_comprehensive.TestMemorySystem" name="test_memory_stores_episodes" time="0.025" /><testcase classname="tests.python.test_base_agent_comprehensive.TestMemorySystem" name="test_memory_recall_similar" time="0.033" /><testcase classname="tests.python.test_base_agent_comprehensive.TestMemorySystem" name="test_memory_pattern_extraction" time="0.042" /><testcase classname="tests.python.test_base_agent_comprehensive.TestMemorySystem" name="test_memory_persistence_with_backend" time="0.027" /><testcase classname="tests.python.test_base_agent_comprehensive.TestLearningSystem" name="test_learning_system_updates" time="0.003" /><testcase classname="tests.python.test_base_agent_comprehensive.TestLearningSystem" name="test_strategy_recommendation" time="0.004" /><testcase classname="tests.python.test_base_agent_comprehensive.TestLearningSystem" name="test_learning_convergence" time="0.008" /><testcase classname="tests.python.test_base_agent_comprehensive.TestErrorHandling" name="test_execute_method_error_handling" time="0.004" /><testcase classname="tests.python.test_base_agent_comprehensive.TestErrorHandling" name="test_tool_execution_error_handling" time="0.004" /><testcase classname="tests.python.test_base_agent_comprehensive.TestErrorHandling" name="test_memory_backend_failure_handling" time="0.008" /><testcase classname="tests.python.test_base_agent_comprehensive.TestAdvancedFeatures" name="test_sub_agent_spawning" time="0.004" /><testcase classname="tests.python.test_base_agent_comprehensive.TestAdvancedFeatures" name="test_agent_collaboration" time="0.004" /><testcase classname="tests.python.test_base_agent_comprehensive.TestAdvancedFeatures" name="test_evolution_trigger" time="0.011" /><testcase classname="tests.python.test_base_agent_comprehensive.TestAdvancedFeatures" name="test_metrics_tracking" time="0.004" /><testcase classname="tests.python.test_base_agent_comprehensive.TestToolIntegration" name="test_tool_selection_for_strategy" time="0.003" /><testcase classname="tests.python.test_base_agent_comprehensive.TestToolIntegration" name="test_async_tool_execution" time="0.015" /><testcase classname="tests.python.test_base_agent_comprehensive.TestToolIntegration" name="test_sync_tool_execution" time="0.004" /><testcase classname="tests.python.test_base_agent_comprehensive.TestWindowsCompatibility" name="test_windows_path_handling" time="0.016" /><testcase classname="tests.python.test_base_agent_comprehensive.TestWindowsCompatibility" name="test_concurrent_execution_windows" time="0.006" /><testcase classname="tests.python.test_base_agent_comprehensive.TestPerformanceMetrics" name="test_memory_usage_stays_bounded" time="0.046" /><testcase classname="tests.python.test_base_agent_comprehensive.TestPerformanceMetrics" name="test_processing_speed" time="0.012" /><testcase classname="tests.python.test_orchestrator" name="test_orchestrator_delegates_to_single_agent" time="0.004" /><testcase classname="tests.python.test_orchestrator_comprehensive.TestBasicOrchestration" name="test_agent_registration" time="0.004" /><testcase classname="tests.python.test_orchestrator_comprehensive.TestBasicOrchestration" name="test_single_agent_delegation" time="0.023" /><testcase classname="tests.python.test_orchestrator_comprehensive.TestBasicOrchestration" name="test_multi_agent_delegation" time="0.256" /><testcase classname="tests.python.test_orchestrator_comprehensive.TestBasicOrchestration" name="test_no_suitable_agents" time="0.003" /><testcase classname="tests.python.test_orchestrator_comprehensive.TestExecutionPatterns" name="test_parallel_execution" time="0.028" /><testcase classname="tests.python.test_orchestrator_comprehensive.TestExecutionPatterns" name="test_sequential_execution" time="0.060" /><testcase classname="tests.python.test_orchestrator_comprehensive.TestExecutionPatterns" name="test_collaborative_execution" time="0.170" /><testcase classname="tests.python.test_orchestrator_comprehensive.TestExecutionPatterns" name="test_consensus_execution" time="0.116" /><testcase classname="tests.python.test_orchestrator_comprehensive.TestHierarchicalDelegation" name="test_task_decomposition" time="0.004" /><testcase classname="tests.python.test_orchestrator_comprehensive.TestHierarchicalDelegation" name="test_hierarchical_delegation_execution" time="0.714" /><testcase classname="tests.python.test_orchestrator_comprehensive.TestSwarmIntelligence" name="test_swarm_creation_and_optimization" time="0.004"><failure message="TypeError: Can't instantiate abstract class BaseAgent without an implementation for abstract method 'execute'">tests\python\test_orchestrator_comprehensive.py:283: in test_swarm_creation_and_optimization
    result = await orchestrator.swarm_intelligence(objective, swarm_size)
             ^^^^^^^^^^^^^^^^^^^^^^^^^^^^^^^^^^^^^^^^^^^^^^^^^^^^^^^^^^^^
orchestrator.py:401: in swarm_intelligence
    agent = BaseAgent(f"swarm_{i}")
            ^^^^^^^^^^^^^^^^^^^^^^^
E   TypeError: Can't instantiate abstract class BaseAgent without an implementation for abstract method 'execute'</failure></testcase><testcase classname="tests.python.test_orchestrator_comprehensive.TestSwarmIntelligence" name="test_swarm_convergence" time="0.004" /><testcase classname="tests.python.test_orchestrator_comprehensive.TestBlackboardCommunication" name="test_blackboard_read_write" time="0.003" /><testcase classname="tests.python.test_orchestrator_comprehensive.TestBlackboardCommunication" name="test_blackboard_subscriptions" time="0.003" /><testcase classname="tests.python.test_orchestrator_comprehensive.TestBlackboardCommunication" name="test_blackboard_pattern_querying" time="0.003" /><testcase classname="tests.python.test_orchestrator_comprehensive.TestEmergentBehaviorDetection" name="test_message_pattern_analysis" time="0.003" /><testcase classname="tests.python.test_orchestrator_comprehensive.TestEmergentBehaviorDetection" name="test_specialization_detection" time="0.331" /><testcase classname="tests.python.test_orchestrator_comprehensive.TestEmergentBehaviorDetection" name="test_full_emergent_behavior_detection" time="0.036" /><testcase classname="tests.python.test_orchestrator_comprehensive.TestPerformanceAndScalability" name="test_concurrent_task_processing" time="0.249"><failure message="assert False&#10; +  where False = all(&lt;generator object TestPerformanceAndScalability.test_concurrent_task_processing.&lt;locals&gt;.&lt;genexpr&gt; at 0x0000027C3BDC5490&gt;)">tests\python\test_orchestrator_comprehensive.py:468: in test_concurrent_task_processing
    assert all(result is not None for result in results)
E   assert False
E    +  where False = all(&lt;generator object TestPerformanceAndScalability.test_concurrent_task_processing.&lt;locals&gt;.&lt;genexpr&gt; at 0x0000027C3BDC5490&gt;)</failure></testcase><testcase classname="tests.python.test_orchestrator_comprehensive.TestPerformanceAndScalability" name="test_large_swarm_performance" time="0.004"><failure message="TypeError: Can't instantiate abstract class BaseAgent without an implementation for abstract method 'execute'">tests\python\test_orchestrator_comprehensive.py:482: in test_large_swarm_performance
    result = await orchestrator.swarm_intelligence(objective, large_swarm_size)
             ^^^^^^^^^^^^^^^^^^^^^^^^^^^^^^^^^^^^^^^^^^^^^^^^^^^^^^^^^^^^^^^^^^
orchestrator.py:401: in swarm_intelligence
    agent = BaseAgent(f"swarm_{i}")
            ^^^^^^^^^^^^^^^^^^^^^^^
E   TypeError: Can't instantiate abstract class BaseAgent without an implementation for abstract method 'execute'</failure></testcase><testcase classname="tests.python.test_orchestrator_comprehensive.TestPerformanceAndScalability" name="test_memory_usage_with_many_agents" time="4.695" /><testcase classname="tests.python.test_orchestrator_comprehensive.TestErrorHandlingAndRecovery" name="test_agent_failure_handling" time="0.004"><failure message="RuntimeError: Agent processing failed">tests\python\test_orchestrator_comprehensive.py:551: in test_agent_failure_handling
    result = await orchestrator.delegate_task(task)
             ^^^^^^^^^^^^^^^^^^^^^^^^^^^^^^^^^^^^^^
orchestrator.py:150: in delegate_task
    result = await self._coordinate_multi_agent_task(task, suitable_agents)
             ^^^^^^^^^^^^^^^^^^^^^^^^^^^^^^^^^^^^^^^^^^^^^^^^^^^^^^^^^^^^^^
orchestrator.py:186: in _coordinate_multi_agent_task
    return await self.collaborative_execution(agents, task)
           ^^^^^^^^^^^^^^^^^^^^^^^^^^^^^^^^^^^^^^^^^^^^^^^^
orchestrator.py:315: in collaborative_execution
    response = await agent.process_task(
templates\base_agent.py:329: in process_task
    result = await self.execute(task, action)
             ^^^^^^^^^^^^^^^^^^^^^^^^^^^^^^^^
tests\python\test_orchestrator_comprehensive.py:532: in execute
    raise RuntimeError("Agent processing failed")
E   RuntimeError: Agent processing failed</failure></testcase><testcase classname="tests.python.test_orchestrator_comprehensive.TestErrorHandlingAndRecovery" name="test_partial_parallel_execution_failure" time="0.005" /><testcase classname="tests.python.test_orchestrator_comprehensive.TestErrorHandlingAndRecovery" name="test_blackboard_resilience" time="0.003" /><testcase classname="tests.python.test_orchestrator_comprehensive.TestSpecializedAgents" name="test_customer_support_agent" time="0.005" /><testcase classname="tests.python.test_orchestrator_comprehensive.TestSpecializedAgents" name="test_data_analyst_agent" time="0.004" /><testcase classname="tests.python.test_orchestrator_comprehensive.TestMetricsAndObservability" name="test_orchestrator_metrics_collection" time="0.780" /><testcase classname="tests.python.test_utils_comprehensive.TestLoggingUtilities" name="test_logger_initialization" time="0.001" /><testcase classname="tests.python.test_utils_comprehensive.TestLoggingUtilities" name="test_logger_singleton_behavior" time="0.001" /><testcase classname="tests.python.test_utils_comprehensive.TestLoggingUtilities" name="test_agent_formatter" time="0.001" /><testcase classname="tests.python.test_utils_comprehensive.TestLoggingUtilities" name="test_error_level_formatting" time="0.001" /><testcase classname="tests.python.test_utils_comprehensive.TestLoggingUtilities" name="test_log_context_manager" time="0.001" /><testcase classname="tests.python.test_utils_comprehensive.TestLoggingUtilities" name="test_log_context_restoration" time="0.001" /><testcase classname="tests.python.test_utils_comprehensive.TestLoggingUtilities" name="test_multiple_log_levels" time="0.002"><failure message="TypeError: '&gt;=' not supported between instances of 'int' and 'Mock'">tests\python\test_utils_comprehensive.py:133: in test_multiple_log_levels
    test_logger.info("Info message")
C:\Program Files\Python313\Lib\logging\__init__.py:1520: in info
    self._log(INFO, msg, args, **kwargs)
C:\Program Files\Python313\Lib\logging\__init__.py:1665: in _log
    self.handle(record)
C:\Program Files\Python313\Lib\logging\__init__.py:1681: in handle
    self.callHandlers(record)
C:\Program Files\Python313\Lib\logging\__init__.py:1736: in callHandlers
    if record.levelno &gt;= hdlr.level:
       ^^^^^^^^^^^^^^^^^^^^^^^^^^^^
E   TypeError: '&gt;=' not supported between instances of 'int' and 'Mock'</failure></testcase><testcase classname="tests.python.test_utils_comprehensive.TestMetricsCollection" name="test_metrics_collector_initialization" time="0.001" /><testcase classname="tests.python.test_utils_comprehensive.TestMetricsCollection" name="test_counter_metrics" time="0.001" /><testcase classname="tests.python.test_utils_comprehensive.TestMetricsCollection" name="test_gauge_metrics" time="0.001" /><testcase classname="tests.python.test_utils_comprehensive.TestMetricsCollection" name="test_timing_metrics" time="0.113" /><testcase classname="tests.python.test_utils_comprehensive.TestMetricsCollection" name="test_timer_context_manager" time="0.011" /><testcase classname="tests.python.test_utils_comprehensive.TestMetricsCollection" name="test_async_timer_context_manager" time="0.018" /><testcase classname="tests.python.test_utils_comprehensive.TestMetricsCollection" name="test_metric_tags" time="0.001" /><testcase classname="tests.python.test_utils_comprehensive.TestMetricsCollection" name="test_get_all_stats" time="0.001" /><testcase classname="tests.python.test_utils_comprehensive.TestMetricsCollection" name="test_metrics_reset" time="0.001" /><testcase classname="tests.python.test_utils_comprehensive.TestMetricsCollection" name="test_global_metrics_instance" time="0.001" /><testcase classname="tests.python.test_utils_comprehensive.TestMemoryPersistence" name="test_memory_store_initialization" time="0.018" /><testcase classname="tests.python.test_utils_comprehensive.TestMemoryPersistence" name="test_save_and_retrieve_episode" time="0.020" /><testcase classname="tests.python.test_utils_comprehensive.TestMemoryPersistence" name="test_multiple_episodes_retrieval" time="0.044" /><testcase classname="tests.python.test_utils_comprehensive.TestMemoryPersistence" name="test_semantic_memory_operations" time="0.027" /><testcase classname="tests.python.test_utils_comprehensive.TestMemoryPersistence" name="test_semantic_memory_update" time="0.028" /><testcase classname="tests.python.test_utils_comprehensive.TestMemoryPersistence" name="test_get_all_semantic_memory" time="0.030" /><testcase classname="tests.python.test_utils_comprehensive.TestMemoryPersistence" name="test_clear_agent_memory" time="0.036" /><testcase classname="tests.python.test_utils_comprehensive.TestMemoryPersistence" name="test_memory_store_error_handling" time="0.002" /><testcase classname="tests.python.test_utils_comprehensive.TestMemoryPersistence" name="test_semantic_proxy" time="0.042" /><testcase classname="tests.python.test_utils_comprehensive.TestMemoryPersistence" name="test_semantic_proxy_error_handling" time="0.002" /><testcase classname="tests.python.test_utils_comprehensive.TestUtilityIntegration" name="test_agent_with_full_utility_integration" time="0.101" /><testcase classname="tests.python.test_utils_comprehensive.TestUtilityIntegration" name="test_concurrent_utility_access" time="0.253"><failure message="assert 4.0 == 10.0">tests\python\test_utils_comprehensive.py:614: in test_concurrent_utility_access
    assert counter_stats["value"] == 10.0  # All agents share the same metrics instance
    ^^^^^^^^^^^^^^^^^^^^^^^^^^^^^^^^^^^^^
E   assert 4.0 == 10.0</failure></testcase><testcase classname="tests.python.test_utils_comprehensive.TestUtilityIntegration" name="test_utility_error_isolation" time="0.033" /><testcase classname="tests.python.test_utils_comprehensive.TestWindowsCompatibility" name="test_windows_file_path_handling" time="0.022"><failure message="PermissionError: [WinError 32] The process cannot access the file because it is being used by another process: 'C:\\Users\\Nouri\\AppData\\Local\\Temp\\tmpuoxcj3ux\\windows_test.db'">C:\Program Files\Python313\Lib\shutil.py:625: in _rmtree_unsafe
    os.unlink(fullname)
E   PermissionError: [WinError 32] The process cannot access the file because it is being used by another process: 'C:\\Users\\Nouri\\AppData\\Local\\Temp\\tmpuoxcj3ux\\windows_test.db'

During handling of the above exception, another exception occurred:
tests\python\test_utils_comprehensive.py:663: in test_windows_file_path_handling
    with tempfile.TemporaryDirectory() as temp_dir:
         ^^^^^^^^^^^^^^^^^^^^^^^^^^^^^
C:\Program Files\Python313\Lib\tempfile.py:951: in __exit__
    self.cleanup()
C:\Program Files\Python313\Lib\tempfile.py:955: in cleanup
    self._rmtree(self.name, ignore_errors=self._ignore_cleanup_errors)
C:\Program Files\Python313\Lib\tempfile.py:935: in _rmtree
    _shutil.rmtree(name, onexc=onexc)
C:\Program Files\Python313\Lib\shutil.py:790: in rmtree
    return _rmtree_unsafe(path, onexc)
           ^^^^^^^^^^^^^^^^^^^^^^^^^^^
C:\Program Files\Python313\Lib\shutil.py:629: in _rmtree_unsafe
    onexc(os.unlink, fullname, err)
C:\Program Files\Python313\Lib\tempfile.py:910: in onexc
    _os.unlink(path)
E   PermissionError: [WinError 32] The process cannot access the file because it is being used by another process: 'C:\\Users\\Nouri\\AppData\\Local\\Temp\\tmpuoxcj3ux\\windows_test.db'</failure></testcase><testcase classname="tests.python.test_utils_comprehensive.TestWindowsCompatibility" name="test_concurrent_file_access_windows" time="0.132" /></testsuite></testsuites>