<?xml version="1.0" encoding="utf-8"?><testsuites name="pytest tests"><testsuite name="pytest" errors="0" failures="4" skipped="0" tests="27" time="8.117" timestamp="2025-09-02T12:30:37.983826+02:00" hostname="Nouri-PC"><testcase classname="tests.python.test_orchestrator_comprehensive.TestBasicOrchestration" name="test_agent_registration" time="0.006" /><testcase classname="tests.python.test_orchestrator_comprehensive.TestBasicOrchestration" name="test_single_agent_delegation" time="0.028" /><testcase classname="tests.python.test_orchestrator_comprehensive.TestBasicOrchestration" name="test_multi_agent_delegation" time="0.259" /><testcase classname="tests.python.test_orchestrator_comprehensive.TestBasicOrchestration" name="test_no_suitable_agents" time="0.004" /><testcase classname="tests.python.test_orchestrator_comprehensive.TestExecutionPatterns" name="test_parallel_execution" time="0.027" /><testcase classname="tests.python.test_orchestrator_comprehensive.TestExecutionPatterns" name="test_sequential_execution" time="0.047" /><testcase classname="tests.python.test_orchestrator_comprehensive.TestExecutionPatterns" name="test_collaborative_execution" time="0.168" /><testcase classname="tests.python.test_orchestrator_comprehensive.TestExecutionPatterns" name="test_consensus_execution" time="0.115" /><testcase classname="tests.python.test_orchestrator_comprehensive.TestHierarchicalDelegation" name="test_task_decomposition" time="0.004" /><testcase classname="tests.python.test_orchestrator_comprehensive.TestHierarchicalDelegation" name="test_hierarchical_delegation_execution" time="0.713" /><testcase classname="tests.python.test_orchestrator_comprehensive.TestSwarmIntelligence" name="test_swarm_creation_and_optimization" time="0.004"><failure message="TypeError: Can't instantiate abstract class BaseAgent without an implementation for abstract method 'execute'">tests\python\test_orchestrator_comprehensive.py:283: in test_swarm_creation_and_optimization
    result = await orchestrator.swarm_intelligence(objective, swarm_size)
             ^^^^^^^^^^^^^^^^^^^^^^^^^^^^^^^^^^^^^^^^^^^^^^^^^^^^^^^^^^^^
orchestrator.py:401: in swarm_intelligence
    agent = BaseAgent(f"swarm_{i}")
            ^^^^^^^^^^^^^^^^^^^^^^^
E   TypeError: Can't instantiate abstract class BaseAgent without an implementation for abstract method 'execute'</failure></testcase><testcase classname="tests.python.test_orchestrator_comprehensive.TestSwarmIntelligence" name="test_swarm_convergence" time="0.004" /><testcase classname="tests.python.test_orchestrator_comprehensive.TestBlackboardCommunication" name="test_blackboard_read_write" time="0.003" /><testcase classname="tests.python.test_orchestrator_comprehensive.TestBlackboardCommunication" name="test_blackboard_subscriptions" time="0.003" /><testcase classname="tests.python.test_orchestrator_comprehensive.TestBlackboardCommunication" name="test_blackboard_pattern_querying" time="0.003" /><testcase classname="tests.python.test_orchestrator_comprehensive.TestEmergentBehaviorDetection" name="test_message_pattern_analysis" time="0.005" /><testcase classname="tests.python.test_orchestrator_comprehensive.TestEmergentBehaviorDetection" name="test_specialization_detection" time="0.334" /><testcase classname="tests.python.test_orchestrator_comprehensive.TestEmergentBehaviorDetection" name="test_full_emergent_behavior_detection" time="0.044" /><testcase classname="tests.python.test_orchestrator_comprehensive.TestPerformanceAndScalability" name="test_concurrent_task_processing" time="0.247"><failure message="assert False&#10; +  where False = all(&lt;generator object TestPerformanceAndScalability.test_concurrent_task_processing.&lt;locals&gt;.&lt;genexpr&gt; at 0x0000020F31E42190&gt;)">tests\python\test_orchestrator_comprehensive.py:468: in test_concurrent_task_processing
    assert all(result is not None for result in results)
E   assert False
E    +  where False = all(&lt;generator object TestPerformanceAndScalability.test_concurrent_task_processing.&lt;locals&gt;.&lt;genexpr&gt; at 0x0000020F31E42190&gt;)</failure></testcase><testcase classname="tests.python.test_orchestrator_comprehensive.TestPerformanceAndScalability" name="test_large_swarm_performance" time="0.004"><failure message="TypeError: Can't instantiate abstract class BaseAgent without an implementation for abstract method 'execute'">tests\python\test_orchestrator_comprehensive.py:482: in test_large_swarm_performance
    result = await orchestrator.swarm_intelligence(objective, large_swarm_size)
             ^^^^^^^^^^^^^^^^^^^^^^^^^^^^^^^^^^^^^^^^^^^^^^^^^^^^^^^^^^^^^^^^^^
orchestrator.py:401: in swarm_intelligence
    agent = BaseAgent(f"swarm_{i}")
            ^^^^^^^^^^^^^^^^^^^^^^^
E   TypeError: Can't instantiate abstract class BaseAgent without an implementation for abstract method 'execute'</failure></testcase><testcase classname="tests.python.test_orchestrator_comprehensive.TestPerformanceAndScalability" name="test_memory_usage_with_many_agents" time="4.777" /><testcase classname="tests.python.test_orchestrator_comprehensive.TestErrorHandlingAndRecovery" name="test_agent_failure_handling" time="0.005"><failure message="RuntimeError: Agent processing failed">tests\python\test_orchestrator_comprehensive.py:551: in test_agent_failure_handling
    result = await orchestrator.delegate_task(task)
             ^^^^^^^^^^^^^^^^^^^^^^^^^^^^^^^^^^^^^^
orchestrator.py:150: in delegate_task
    result = await self._coordinate_multi_agent_task(task, suitable_agents)
             ^^^^^^^^^^^^^^^^^^^^^^^^^^^^^^^^^^^^^^^^^^^^^^^^^^^^^^^^^^^^^^
orchestrator.py:186: in _coordinate_multi_agent_task
    return await self.collaborative_execution(agents, task)
           ^^^^^^^^^^^^^^^^^^^^^^^^^^^^^^^^^^^^^^^^^^^^^^^^
orchestrator.py:315: in collaborative_execution
    response = await agent.process_task(
templates\base_agent.py:329: in process_task
    result = await self.execute(task, action)
             ^^^^^^^^^^^^^^^^^^^^^^^^^^^^^^^^
tests\python\test_orchestrator_comprehensive.py:532: in execute
    raise RuntimeError("Agent processing failed")
E   RuntimeError: Agent processing failed</failure></testcase><testcase classname="tests.python.test_orchestrator_comprehensive.TestErrorHandlingAndRecovery" name="test_partial_parallel_execution_failure" time="0.005" /><testcase classname="tests.python.test_orchestrator_comprehensive.TestErrorHandlingAndRecovery" name="test_blackboard_resilience" time="0.004" /><testcase classname="tests.python.test_orchestrator_comprehensive.TestSpecializedAgents" name="test_customer_support_agent" time="0.005" /><testcase classname="tests.python.test_orchestrator_comprehensive.TestSpecializedAgents" name="test_data_analyst_agent" time="0.004" /><testcase classname="tests.python.test_orchestrator_comprehensive.TestMetricsAndObservability" name="test_orchestrator_metrics_collection" time="0.785" /></testsuite></testsuites>